<?xml version="1.0" encoding="UTF-8"?>
<!-- Generated by org.testng.reporters.JUnitReportReporter -->
<testsuite hostname="LAPTOP-20464U94" name="mercuryTour.MercuryTour" tests="3" failures="0" timestamp="5 Sep 2020 19:32:18 GMT" time="6.818" errors="0">
  <testcase name="verifyPageTitle" time="0.040" classname="mercuryTour.MercuryTour"/>
  <testcase name="OpenAutUrl" time="1.184" classname="mercuryTour.MercuryTour"/>
  <testcase name="openBrowser" time="5.594" classname="mercuryTour.MercuryTour"/>
</testsuite> <!-- mercuryTour.MercuryTour -->
